<?xml version="1.0" encoding="utf-8" standalone="no"?>
<!--This file represents the results of running a test suite-->
<test-results name="D:\DMB\DMB.DataHandler\bin\Debug\DMB.DataHandler.dll" total="1" errors="0" failures="0" not-run="0" inconclusive="0" ignored="0" skipped="0" invalid="0" date="2016-08-09" time="14:51:17">
  <environment nunit-version="2.6.4.14350" clr-version="2.0.50727.5485" os-version="Microsoft Windows NT 6.1.7601 Service Pack 1" platform="Win32NT" cwd="C:\Program Files (x86)\NUnit 2.6.4\bin" machine-name="SH-LENOVO-PC" user="Administrator" user-domain="SH-Lenovo-PC" />
  <culture-info current-culture="zh-CN" current-uiculture="zh-CN" />
  <test-suite type="Assembly" name="D:\DMB\DMB.DataHandler\bin\Debug\DMB.DataHandler.dll" executed="True" result="Success" success="True" time="5.645" asserts="0">
    <results>
      <test-suite type="Namespace" name="DMB" executed="True" result="Success" success="True" time="5.626" asserts="0">
        <results>
          <test-suite type="Namespace" name="DataHandler" executed="True" result="Success" success="True" time="5.620" asserts="0">
            <results>
              <test-suite type="Namespace" name="Testing" executed="True" result="Success" success="True" time="5.617" asserts="0">
                <results>
                  <test-suite type="TestFixture" name="MenuInfoDataHandlerTesting" executed="True" result="Success" success="True" time="5.612" asserts="0">
                    <results>
                      <test-case name="DMB.DataHandler.Testing.MenuInfoDataHandlerTesting.GetList" executed="True" result="Success" success="True" time="5.081" asserts="0" />
                    </results>
                  </test-suite>
                </results>
              </test-suite>
            </results>
          </test-suite>
        </results>
      </test-suite>
    </results>
  </test-suite>
</test-results>